<?xml version="1.0" encoding="UTF-8"?>
<coverage generated="1774891963404" clover="3.2.0">
  <project timestamp="1774891963405" name="All files">
    <metrics statements="156" coveredstatements="128" conditionals="73" coveredconditionals="54" methods="49" coveredmethods="38" elements="278" coveredelements="220" complexity="0" loc="156" ncloc="156" packages="2" files="11" classes="11"/>
    <package name="core">
      <metrics statements="77" coveredstatements="75" conditionals="45" coveredconditionals="40" methods="16" coveredmethods="15"/>
      <file name="bind.ts" path="/Users/uriveroorteg/projects/essentia-ui/packages/telar/src/core/bind.ts">
        <metrics statements="1" coveredstatements="1" conditionals="0" coveredconditionals="0" methods="1" coveredmethods="1"/>
        <line num="48" count="5" type="stmt"/>
      </file>
      <file name="graph.ts" path="/Users/uriveroorteg/projects/essentia-ui/packages/telar/src/core/graph.ts">
        <metrics statements="19" coveredstatements="19" conditionals="8" coveredconditionals="7" methods="2" coveredmethods="2"/>
        <line num="9" count="24" type="stmt"/>
        <line num="10" count="24" type="stmt"/>
        <line num="12" count="24" type="stmt"/>
        <line num="13" count="31" type="stmt"/>
        <line num="14" count="31" type="stmt"/>
        <line num="15" count="31" type="cond" truecount="2" falsecount="0"/>
        <line num="17" count="7" type="stmt"/>
        <line num="18" count="7" type="cond" truecount="1" falsecount="1"/>
        <line num="19" count="7" type="stmt"/>
        <line num="20" count="7" type="stmt"/>
        <line num="25" count="24" type="stmt"/>
        <line num="38" count="17" type="cond" truecount="2" falsecount="0"/>
        <line num="41" count="17" type="stmt"/>
        <line num="42" count="8" type="stmt"/>
        <line num="46" count="17" type="stmt"/>
        <line num="48" count="17" type="stmt"/>
        <line num="49" count="21" type="cond" truecount="2" falsecount="0"/>
        <line num="50" count="14" type="stmt"/>
        <line num="52" count="21" type="stmt"/>
      </file>
      <file name="knot.ts" path="/Users/uriveroorteg/projects/essentia-ui/packages/telar/src/core/knot.ts">
        <metrics statements="1" coveredstatements="1" conditionals="0" coveredconditionals="0" methods="1" coveredmethods="1"/>
        <line num="30" count="27" type="stmt"/>
      </file>
      <file name="store.ts" path="/Users/uriveroorteg/projects/essentia-ui/packages/telar/src/core/store.ts">
        <metrics statements="55" coveredstatements="53" conditionals="37" coveredconditionals="33" methods="11" coveredmethods="10"/>
        <line num="7" count="31" type="stmt"/>
        <line num="23" count="154" type="cond" truecount="2" falsecount="0"/>
        <line num="24" count="29" type="stmt"/>
        <line num="27" count="125" type="cond" truecount="2" falsecount="0"/>
        <line num="44" count="29" type="cond" truecount="4" falsecount="0"/>
        <line num="45" count="12" type="stmt"/>
        <line num="48" count="17" type="stmt"/>
        <line num="49" count="17" type="stmt"/>
        <line num="51" count="17" type="stmt"/>
        <line num="52" count="21" type="stmt"/>
        <line num="53" count="21" type="stmt"/>
        <line num="56" count="17" type="stmt"/>
        <line num="62" count="17" type="cond" truecount="3" falsecount="2"/>
        <line num="69" count="29" type="stmt"/>
        <line num="70" count="29" type="stmt"/>
        <line num="71" count="21" type="stmt"/>
        <line num="72" count="21" type="cond" truecount="2" falsecount="0"/>
        <line num="73" count="8" type="stmt"/>
        <line num="80" count="17" type="cond" truecount="3" falsecount="1"/>
        <line num="81" count="17" type="cond" truecount="2" falsecount="0"/>
        <line num="84" count="17" type="stmt"/>
        <line num="85" count="17" type="stmt"/>
        <line num="86" count="17" type="stmt"/>
        <line num="88" count="17" type="stmt"/>
        <line num="97" count="2" type="stmt"/>
        <line num="107" count="2" type="cond" truecount="2" falsecount="0"/>
        <line num="108" count="1" type="cond" truecount="1" falsecount="1"/>
        <line num="109" count="1" type="stmt"/>
        <line num="110" count="1" type="stmt"/>
        <line num="111" count="1" type="stmt"/>
        <line num="112" count="1" type="stmt"/>
        <line num="114" count="1" type="stmt"/>
        <line num="125" count="25" type="cond" truecount="2" falsecount="0"/>
        <line num="130" count="25" type="cond" truecount="2" falsecount="0"/>
        <line num="134" count="25" type="cond" truecount="2" falsecount="0"/>
        <line num="136" count="24" type="stmt"/>
        <line num="137" count="24" type="stmt"/>
        <line num="140" count="25" type="cond" truecount="2" falsecount="0"/>
        <line num="145" count="25" type="stmt"/>
        <line num="146" count="25" type="stmt"/>
        <line num="147" count="7" type="stmt"/>
        <line num="151" count="24" type="stmt"/>
        <line num="152" count="24" type="stmt"/>
        <line num="153" count="7" type="stmt"/>
        <line num="168" count="39" type="cond" truecount="2" falsecount="0"/>
        <line num="169" count="23" type="stmt"/>
        <line num="171" count="39" type="stmt"/>
        <line num="173" count="39" type="stmt"/>
        <line num="174" count="16" type="stmt"/>
        <line num="185" count="0" type="stmt"/>
        <line num="188" count="0" type="stmt"/>
        <line num="195" count="31" type="stmt"/>
        <line num="196" count="31" type="cond" truecount="2" falsecount="0"/>
        <line num="197" count="17" type="stmt"/>
        <line num="198" count="18" type="stmt"/>
      </file>
      <file name="thread.ts" path="/Users/uriveroorteg/projects/essentia-ui/packages/telar/src/core/thread.ts">
        <metrics statements="1" coveredstatements="1" conditionals="0" coveredconditionals="0" methods="1" coveredmethods="1"/>
        <line num="53" count="13" type="stmt"/>
      </file>
    </package>
    <package name="react">
      <metrics statements="79" coveredstatements="53" conditionals="28" coveredconditionals="14" methods="33" coveredmethods="23"/>
      <file name="TelarRoot.tsx" path="/Users/uriveroorteg/projects/essentia-ui/packages/telar/src/react/TelarRoot.tsx">
        <metrics statements="29" coveredstatements="8" conditionals="18" coveredconditionals="5" methods="8" coveredmethods="2"/>
        <line num="16" count="0" type="cond" truecount="0" falsecount="2"/>
        <line num="17" count="0" type="cond" truecount="0" falsecount="2"/>
        <line num="18" count="0" type="stmt"/>
        <line num="22" count="0" type="stmt"/>
        <line num="165" count="17" type="stmt"/>
        <line num="167" count="17" type="cond" truecount="1" falsecount="1"/>
        <line num="168" count="17" type="cond" truecount="2" falsecount="0"/>
        <line num="169" count="17" type="cond" truecount="1" falsecount="1"/>
        <line num="170" count="0" type="stmt"/>
        <line num="171" count="0" type="stmt"/>
        <line num="174" count="17" type="stmt"/>
        <line num="177" count="17" type="stmt"/>
        <line num="178" count="17" type="cond" truecount="1" falsecount="1"/>
        <line num="179" count="0" type="stmt"/>
        <line num="184" count="0" type="stmt"/>
        <line num="185" count="0" type="stmt"/>
        <line num="186" count="0" type="cond" truecount="0" falsecount="2"/>
        <line num="187" count="0" type="stmt"/>
        <line num="191" count="0" type="stmt"/>
        <line num="194" count="0" type="stmt"/>
        <line num="195" count="0" type="stmt"/>
        <line num="200" count="0" type="cond" truecount="0" falsecount="4"/>
        <line num="201" count="0" type="stmt"/>
        <line num="203" count="0" type="stmt"/>
        <line num="209" count="0" type="stmt"/>
        <line num="211" count="0" type="stmt"/>
        <line num="212" count="0" type="stmt"/>
        <line num="213" count="0" type="stmt"/>
        <line num="217" count="17" type="stmt"/>
      </file>
      <file name="context.ts" path="/Users/uriveroorteg/projects/essentia-ui/packages/telar/src/react/context.ts">
        <metrics statements="5" coveredstatements="4" conditionals="2" coveredconditionals="1" methods="1" coveredmethods="1"/>
        <line num="4" count="1" type="stmt"/>
        <line num="7" count="34" type="stmt"/>
        <line num="8" count="34" type="cond" truecount="1" falsecount="1"/>
        <line num="9" count="0" type="stmt"/>
        <line num="11" count="34" type="stmt"/>
      </file>
      <file name="useBind.ts" path="/Users/uriveroorteg/projects/essentia-ui/packages/telar/src/react/useBind.ts">
        <metrics statements="13" coveredstatements="12" conditionals="0" coveredconditionals="0" methods="7" coveredmethods="6"/>
        <line num="56" count="11" type="stmt"/>
        <line num="58" count="11" type="stmt"/>
        <line num="59" count="11" type="stmt"/>
        <line num="60" count="39" type="stmt"/>
        <line num="61" count="0" type="stmt"/>
        <line num="64" count="11" type="stmt"/>
        <line num="65" count="5" type="stmt"/>
        <line num="66" count="5" type="stmt"/>
        <line num="67" count="15" type="stmt"/>
        <line num="68" count="6" type="stmt"/>
        <line num="70" count="6" type="stmt"/>
        <line num="76" count="5" type="stmt"/>
        <line num="79" count="11" type="stmt"/>
      </file>
      <file name="useKnot.ts" path="/Users/uriveroorteg/projects/essentia-ui/packages/telar/src/react/useKnot.ts">
        <metrics statements="8" coveredstatements="7" conditionals="0" coveredconditionals="0" methods="5" coveredmethods="4"/>
        <line num="41" count="14" type="stmt"/>
        <line num="43" count="14" type="stmt"/>
        <line num="44" count="14" type="stmt"/>
        <line num="45" count="48" type="stmt"/>
        <line num="46" count="0" type="stmt"/>
        <line num="49" count="14" type="stmt"/>
        <line num="50" count="5" type="stmt"/>
        <line num="54" count="14" type="stmt"/>
      </file>
      <file name="useTelar.ts" path="/Users/uriveroorteg/projects/essentia-ui/packages/telar/src/react/useTelar.ts">
        <metrics statements="19" coveredstatements="18" conditionals="8" coveredconditionals="8" methods="8" coveredmethods="7"/>
        <line num="44" count="5" type="stmt"/>
        <line num="47" count="5" type="stmt"/>
        <line num="48" count="5" type="stmt"/>
        <line num="49" count="17" type="stmt"/>
        <line num="50" count="0" type="stmt"/>
        <line num="53" count="5" type="cond" truecount="2" falsecount="0"/>
        <line num="55" count="5" type="stmt"/>
        <line num="56" count="1" type="stmt"/>
        <line num="60" count="5" type="stmt"/>
        <line num="61" count="3" type="cond" truecount="2" falsecount="0"/>
        <line num="62" count="1" type="stmt"/>
        <line num="63" count="1" type="stmt"/>
        <line num="64" count="1" type="stmt"/>
        <line num="65" count="1" type="stmt"/>
        <line num="67" count="1" type="stmt"/>
        <line num="73" count="1" type="stmt"/>
        <line num="76" count="5" type="cond" truecount="2" falsecount="0"/>
        <line num="77" count="4" type="cond" truecount="2" falsecount="0"/>
        <line num="78" count="2" type="stmt"/>
      </file>
      <file name="useThread.ts" path="/Users/uriveroorteg/projects/essentia-ui/packages/telar/src/react/useThread.ts">
        <metrics statements="5" coveredstatements="4" conditionals="0" coveredconditionals="0" methods="4" coveredmethods="3"/>
        <line num="36" count="4" type="stmt"/>
        <line num="38" count="4" type="stmt"/>
        <line num="39" count="4" type="stmt"/>
        <line num="40" count="13" type="stmt"/>
        <line num="41" count="0" type="stmt"/>
      </file>
    </package>
  </project>
</coverage>
