{"/Users/uriveroorteg/projects/essentia-ui/packages/telar/src/core/bind.ts": {"path":"/Users/uriveroorteg/projects/essentia-ui/packages/telar/src/core/bind.ts","statementMap":{"0":{"start":{"line":48,"column":2},"end":{"line":53,"column":null}}},"fnMap":{"0":{"name":"bind","decl":{"start":{"line":43,"column":16},"end":{"line":43,"column":47}},"loc":{"start":{"line":47,"column":18},"end":{"line":54,"column":null}},"line":47}},"branchMap":{},"s":{"0":5},"f":{"0":5},"b":{},"meta":{"lastBranch":0,"lastFunction":1,"lastStatement":1,"seen":{"f:43:16:43:47":0,"s:48:2:53:Infinity":0}}}
,"/Users/uriveroorteg/projects/essentia-ui/packages/telar/src/core/graph.ts": {"path":"/Users/uriveroorteg/projects/essentia-ui/packages/telar/src/core/graph.ts","statementMap":{"0":{"start":{"line":9,"column":16},"end":{"line":9,"column":null}},"1":{"start":{"line":10,"column":26},"end":{"line":10,"column":null}},"2":{"start":{"line":12,"column":2},"end":{"line":23,"column":null}},"3":{"start":{"line":13,"column":20},"end":{"line":13,"column":null}},"4":{"start":{"line":14,"column":24},"end":{"line":14,"column":null}},"5":{"start":{"line":15,"column":4},"end":{"line":15,"column":null}},"6":{"start":{"line":15,"column":28},"end":{"line":15,"column":null}},"7":{"start":{"line":17,"column":4},"end":{"line":22,"column":null}},"8":{"start":{"line":18,"column":6},"end":{"line":21,"column":null}},"9":{"start":{"line":19,"column":8},"end":{"line":19,"column":null}},"10":{"start":{"line":20,"column":8},"end":{"line":20,"column":null}},"11":{"start":{"line":25,"column":2},"end":{"line":25,"column":null}},"12":{"start":{"line":38,"column":18},"end":{"line":38,"column":null}},"13":{"start":{"line":41,"column":2},"end":{"line":43,"column":null}},"14":{"start":{"line":42,"column":4},"end":{"line":42,"column":null}},"15":{"start":{"line":46,"column":2},"end":{"line":46,"column":null}},"16":{"start":{"line":48,"column":2},"end":{"line":53,"column":null}},"17":{"start":{"line":49,"column":4},"end":{"line":51,"column":null}},"18":{"start":{"line":50,"column":6},"end":{"line":50,"column":null}},"19":{"start":{"line":52,"column":4},"end":{"line":52,"column":null}}},"fnMap":{"0":{"name":"getDirtyNodes","decl":{"start":{"line":8,"column":16},"end":{"line":8,"column":30}},"loc":{"start":{"line":8,"column":77},"end":{"line":26,"column":null}},"line":8},"1":{"name":"rebuildGraphEdges","decl":{"start":{"line":33,"column":16},"end":{"line":33,"column":null}},"loc":{"start":{"line":37,"column":8},"end":{"line":54,"column":null}},"line":37}},"branchMap":{"0":{"loc":{"start":{"line":15,"column":4},"end":{"line":15,"column":null}},"type":"if","locations":[{"start":{"line":15,"column":4},"end":{"line":15,"column":null}},{"start":{},"end":{}}],"line":15},"1":{"loc":{"start":{"line":18,"column":6},"end":{"line":21,"column":null}},"type":"if","locations":[{"start":{"line":18,"column":6},"end":{"line":21,"column":null}},{"start":{},"end":{}}],"line":18},"2":{"loc":{"start":{"line":38,"column":18},"end":{"line":38,"column":null}},"type":"binary-expr","locations":[{"start":{"line":38,"column":18},"end":{"line":38,"column":49}},{"start":{"line":38,"column":49},"end":{"line":38,"column":null}}],"line":38},"3":{"loc":{"start":{"line":49,"column":4},"end":{"line":51,"column":null}},"type":"if","locations":[{"start":{"line":49,"column":4},"end":{"line":51,"column":null}},{"start":{},"end":{}}],"line":49}},"s":{"0":24,"1":24,"2":24,"3":31,"4":31,"5":31,"6":24,"7":7,"8":7,"9":7,"10":7,"11":24,"12":17,"13":17,"14":8,"15":17,"16":17,"17":21,"18":14,"19":21},"f":{"0":24,"1":17},"b":{"0":[24,7],"1":[7,0],"2":[17,11],"3":[14,7]},"meta":{"lastBranch":4,"lastFunction":2,"lastStatement":20,"seen":{"f:8:16:8:30":0,"s:9:16:9:Infinity":0,"s:10:26:10:Infinity":1,"s:12:2:23:Infinity":2,"s:13:20:13:Infinity":3,"s:14:24:14:Infinity":4,"b:15:4:15:Infinity:undefined:undefined:undefined:undefined":0,"s:15:4:15:Infinity":5,"s:15:28:15:Infinity":6,"s:17:4:22:Infinity":7,"b:18:6:21:Infinity:undefined:undefined:undefined:undefined":1,"s:18:6:21:Infinity":8,"s:19:8:19:Infinity":9,"s:20:8:20:Infinity":10,"s:25:2:25:Infinity":11,"f:33:16:33:Infinity":1,"s:38:18:38:Infinity":12,"b:38:18:38:49:38:49:38:Infinity":2,"s:41:2:43:Infinity":13,"s:42:4:42:Infinity":14,"s:46:2:46:Infinity":15,"s:48:2:53:Infinity":16,"b:49:4:51:Infinity:undefined:undefined:undefined:undefined":3,"s:49:4:51:Infinity":17,"s:50:6:50:Infinity":18,"s:52:4:52:Infinity":19}}}
,"/Users/uriveroorteg/projects/essentia-ui/packages/telar/src/core/knot.ts": {"path":"/Users/uriveroorteg/projects/essentia-ui/packages/telar/src/core/knot.ts","statementMap":{"0":{"start":{"line":30,"column":2},"end":{"line":34,"column":null}}},"fnMap":{"0":{"name":"knot","decl":{"start":{"line":29,"column":16},"end":{"line":29,"column":24}},"loc":{"start":{"line":29,"column":74},"end":{"line":35,"column":null}},"line":29}},"branchMap":{},"s":{"0":27},"f":{"0":27},"b":{},"meta":{"lastBranch":0,"lastFunction":1,"lastStatement":1,"seen":{"f:29:16:29:24":0,"s:30:2:34:Infinity":0}}}
,"/Users/uriveroorteg/projects/essentia-ui/packages/telar/src/core/store.ts": {"path":"/Users/uriveroorteg/projects/essentia-ui/packages/telar/src/core/store.ts","statementMap":{"0":{"start":{"line":7,"column":2},"end":{"line":17,"column":null}},"1":{"start":{"line":23,"column":2},"end":{"line":25,"column":null}},"2":{"start":{"line":24,"column":4},"end":{"line":24,"column":null}},"3":{"start":{"line":27,"column":2},"end":{"line":29,"column":null}},"4":{"start":{"line":44,"column":2},"end":{"line":46,"column":null}},"5":{"start":{"line":45,"column":4},"end":{"line":45,"column":null}},"6":{"start":{"line":48,"column":20},"end":{"line":48,"column":null}},"7":{"start":{"line":49,"column":25},"end":{"line":49,"column":null}},"8":{"start":{"line":51,"column":23},"end":{"line":54,"column":null}},"9":{"start":{"line":52,"column":4},"end":{"line":52,"column":null}},"10":{"start":{"line":53,"column":4},"end":{"line":53,"column":null}},"11":{"start":{"line":56,"column":19},"end":{"line":56,"column":null}},"12":{"start":{"line":62,"column":4},"end":{"line":66,"column":null}},"13":{"start":{"line":69,"column":20},"end":{"line":69,"column":null}},"14":{"start":{"line":70,"column":2},"end":{"line":75,"column":null}},"15":{"start":{"line":71,"column":18},"end":{"line":71,"column":null}},"16":{"start":{"line":72,"column":4},"end":{"line":74,"column":null}},"17":{"start":{"line":73,"column":6},"end":{"line":73,"column":null}},"18":{"start":{"line":80,"column":2},"end":{"line":82,"column":null}},"19":{"start":{"line":81,"column":4},"end":{"line":81,"column":null}},"20":{"start":{"line":84,"column":2},"end":{"line":84,"column":null}},"21":{"start":{"line":85,"column":2},"end":{"line":85,"column":null}},"22":{"start":{"line":86,"column":2},"end":{"line":86,"column":null}},"23":{"start":{"line":88,"column":2},"end":{"line":88,"column":null}},"24":{"start":{"line":97,"column":21},"end":{"line":97,"column":null}},"25":{"start":{"line":107,"column":2},"end":{"line":113,"column":null}},"26":{"start":{"line":108,"column":4},"end":{"line":108,"column":null}},"27":{"start":{"line":108,"column":32},"end":{"line":108,"column":null}},"28":{"start":{"line":109,"column":17},"end":{"line":109,"column":null}},"29":{"start":{"line":109,"column":44},"end":{"line":109,"column":null}},"30":{"start":{"line":110,"column":18},"end":{"line":110,"column":null}},"31":{"start":{"line":111,"column":4},"end":{"line":111,"column":null}},"32":{"start":{"line":112,"column":4},"end":{"line":112,"column":null}},"33":{"start":{"line":114,"column":2},"end":{"line":114,"column":null}},"34":{"start":{"line":125,"column":18},"end":{"line":127,"column":null}},"35":{"start":{"line":130,"column":4},"end":{"line":132,"column":null}},"36":{"start":{"line":134,"column":2},"end":{"line":134,"column":null}},"37":{"start":{"line":134,"column":36},"end":{"line":134,"column":null}},"38":{"start":{"line":136,"column":2},"end":{"line":136,"column":null}},"39":{"start":{"line":137,"column":2},"end":{"line":137,"column":null}},"40":{"start":{"line":140,"column":2},"end":{"line":140,"column":null}},"41":{"start":{"line":145,"column":8},"end":{"line":145,"column":null}},"42":{"start":{"line":146,"column":2},"end":{"line":148,"column":null}},"43":{"start":{"line":147,"column":4},"end":{"line":147,"column":null}},"44":{"start":{"line":151,"column":2},"end":{"line":151,"column":null}},"45":{"start":{"line":152,"column":2},"end":{"line":154,"column":null}},"46":{"start":{"line":153,"column":4},"end":{"line":153,"column":null}},"47":{"start":{"line":168,"column":2},"end":{"line":170,"column":null}},"48":{"start":{"line":169,"column":4},"end":{"line":169,"column":null}},"49":{"start":{"line":171,"column":2},"end":{"line":171,"column":null}},"50":{"start":{"line":173,"column":2},"end":{"line":175,"column":null}},"51":{"start":{"line":174,"column":4},"end":{"line":174,"column":null}},"52":{"start":{"line":185,"column":2},"end":{"line":189,"column":null}},"53":{"start":{"line":188,"column":4},"end":{"line":188,"column":null}},"54":{"start":{"line":195,"column":20},"end":{"line":195,"column":null}},"55":{"start":{"line":196,"column":2},"end":{"line":196,"column":null}},"56":{"start":{"line":196,"column":24},"end":{"line":196,"column":null}},"57":{"start":{"line":197,"column":2},"end":{"line":199,"column":null}},"58":{"start":{"line":198,"column":4},"end":{"line":198,"column":null}}},"fnMap":{"0":{"name":"createStore","decl":{"start":{"line":6,"column":16},"end":{"line":6,"column":37}},"loc":{"start":{"line":6,"column":37},"end":{"line":18,"column":null}},"line":6},"1":{"name":"getNodeValue","decl":{"start":{"line":22,"column":16},"end":{"line":22,"column":32}},"loc":{"start":{"line":22,"column":67},"end":{"line":30,"column":null}},"line":22},"2":{"name":"evaluateThread","decl":{"start":{"line":42,"column":9},"end":{"line":42,"column":27}},"loc":{"start":{"line":42,"column":64},"end":{"line":89,"column":null}},"line":42},"3":{"name":"(anonymous_3)","decl":{"start":{"line":51,"column":23},"end":{"line":51,"column":27}},"loc":{"start":{"line":51,"column":50},"end":{"line":54,"column":null}},"line":51},"4":{"name":"getDefaultValue","decl":{"start":{"line":106,"column":16},"end":{"line":106,"column":35}},"loc":{"start":{"line":106,"column":56},"end":{"line":115,"column":null}},"line":106},"5":{"name":"(anonymous_5)","decl":{"start":{"line":109,"column":17},"end":{"line":109,"column":21}},"loc":{"start":{"line":109,"column":44},"end":{"line":109,"column":null}},"line":109},"6":{"name":"setNodeValue","decl":{"start":{"line":119,"column":16},"end":{"line":119,"column":null}},"loc":{"start":{"line":124,"column":8},"end":{"line":155,"column":null}},"line":124},"7":{"name":"subscribeToNode","decl":{"start":{"line":163,"column":16},"end":{"line":163,"column":null}},"loc":{"start":{"line":167,"column":14},"end":{"line":176,"column":null}},"line":167},"8":{"name":"(anonymous_8)","decl":{"start":{"line":173,"column":9},"end":{"line":173,"column":15}},"loc":{"start":{"line":173,"column":15},"end":{"line":175,"column":null}},"line":173},"9":{"name":"hydrateStore","decl":{"start":{"line":184,"column":16},"end":{"line":184,"column":29}},"loc":{"start":{"line":184,"column":84},"end":{"line":190,"column":null}},"line":184},"10":{"name":"notifyKey","decl":{"start":{"line":194,"column":9},"end":{"line":194,"column":19}},"loc":{"start":{"line":194,"column":52},"end":{"line":200,"column":null}},"line":194}},"branchMap":{"0":{"loc":{"start":{"line":23,"column":2},"end":{"line":25,"column":null}},"type":"if","locations":[{"start":{"line":23,"column":2},"end":{"line":25,"column":null}},{"start":{},"end":{}}],"line":23},"1":{"loc":{"start":{"line":27,"column":9},"end":{"line":29,"column":null}},"type":"cond-expr","locations":[{"start":{"line":28,"column":7},"end":{"line":28,"column":null}},{"start":{"line":29,"column":6},"end":{"line":29,"column":null}}],"line":27},"2":{"loc":{"start":{"line":44,"column":2},"end":{"line":46,"column":null}},"type":"if","locations":[{"start":{"line":44,"column":2},"end":{"line":46,"column":null}},{"start":{},"end":{}}],"line":44},"3":{"loc":{"start":{"line":44,"column":6},"end":{"line":44,"column":63}},"type":"binary-expr","locations":[{"start":{"line":44,"column":6},"end":{"line":44,"column":36}},{"start":{"line":44,"column":36},"end":{"line":44,"column":63}}],"line":44},"4":{"loc":{"start":{"line":62,"column":4},"end":{"line":66,"column":null}},"type":"cond-expr","locations":[{"start":{"line":65,"column":9},"end":{"line":65,"column":null}},{"start":{"line":66,"column":8},"end":{"line":66,"column":null}}],"line":62},"5":{"loc":{"start":{"line":62,"column":4},"end":{"line":64,"column":null}},"type":"binary-expr","locations":[{"start":{"line":62,"column":4},"end":{"line":62,"column":null}},{"start":{"line":63,"column":4},"end":{"line":63,"column":null}},{"start":{"line":64,"column":4},"end":{"line":64,"column":null}}],"line":62},"6":{"loc":{"start":{"line":72,"column":4},"end":{"line":74,"column":null}},"type":"if","locations":[{"start":{"line":72,"column":4},"end":{"line":74,"column":null}},{"start":{},"end":{}}],"line":72},"7":{"loc":{"start":{"line":80,"column":2},"end":{"line":82,"column":null}},"type":"if","locations":[{"start":{"line":80,"column":2},"end":{"line":82,"column":null}},{"start":{},"end":{}}],"line":80},"8":{"loc":{"start":{"line":80,"column":6},"end":{"line":80,"column":74}},"type":"binary-expr","locations":[{"start":{"line":80,"column":6},"end":{"line":80,"column":33}},{"start":{"line":80,"column":33},"end":{"line":80,"column":74}}],"line":80},"9":{"loc":{"start":{"line":81,"column":32},"end":{"line":81,"column":67}},"type":"binary-expr","locations":[{"start":{"line":81,"column":32},"end":{"line":81,"column":62}},{"start":{"line":81,"column":62},"end":{"line":81,"column":67}}],"line":81},"10":{"loc":{"start":{"line":107,"column":2},"end":{"line":113,"column":null}},"type":"if","locations":[{"start":{"line":107,"column":2},"end":{"line":113,"column":null}},{"start":{},"end":{}}],"line":107},"11":{"loc":{"start":{"line":108,"column":4},"end":{"line":108,"column":null}},"type":"if","locations":[{"start":{"line":108,"column":4},"end":{"line":108,"column":null}},{"start":{},"end":{}}],"line":108},"12":{"loc":{"start":{"line":125,"column":18},"end":{"line":127,"column":null}},"type":"cond-expr","locations":[{"start":{"line":126,"column":7},"end":{"line":126,"column":null}},{"start":{"line":127,"column":6},"end":{"line":127,"column":null}}],"line":125},"13":{"loc":{"start":{"line":130,"column":4},"end":{"line":132,"column":null}},"type":"cond-expr","locations":[{"start":{"line":131,"column":9},"end":{"line":131,"column":null}},{"start":{"line":132,"column":8},"end":{"line":132,"column":null}}],"line":130},"14":{"loc":{"start":{"line":134,"column":2},"end":{"line":134,"column":null}},"type":"if","locations":[{"start":{"line":134,"column":2},"end":{"line":134,"column":null}},{"start":{},"end":{}}],"line":134},"15":{"loc":{"start":{"line":140,"column":25},"end":{"line":140,"column":55}},"type":"binary-expr","locations":[{"start":{"line":140,"column":25},"end":{"line":140,"column":50}},{"start":{"line":140,"column":50},"end":{"line":140,"column":55}}],"line":140},"16":{"loc":{"start":{"line":168,"column":2},"end":{"line":170,"column":null}},"type":"if","locations":[{"start":{"line":168,"column":2},"end":{"line":170,"column":null}},{"start":{},"end":{}}],"line":168},"17":{"loc":{"start":{"line":196,"column":2},"end":{"line":196,"column":null}},"type":"if","locations":[{"start":{"line":196,"column":2},"end":{"line":196,"column":null}},{"start":{},"end":{}}],"line":196}},"s":{"0":31,"1":154,"2":29,"3":125,"4":29,"5":12,"6":17,"7":17,"8":17,"9":21,"10":21,"11":17,"12":17,"13":29,"14":29,"15":21,"16":21,"17":8,"18":17,"19":17,"20":17,"21":17,"22":17,"23":17,"24":2,"25":2,"26":1,"27":0,"28":1,"29":1,"30":1,"31":1,"32":1,"33":1,"34":25,"35":25,"36":25,"37":1,"38":24,"39":24,"40":25,"41":25,"42":25,"43":7,"44":24,"45":24,"46":7,"47":39,"48":23,"49":39,"50":39,"51":16,"52":0,"53":0,"54":31,"55":31,"56":14,"57":17,"58":18},"f":{"0":31,"1":154,"2":29,"3":21,"4":2,"5":1,"6":25,"7":39,"8":16,"9":0,"10":31},"b":{"0":[29,125],"1":[65,60],"2":[12,17],"3":[29,23],"4":[0,17],"5":[17,6,0],"6":[8,13],"7":[17,0],"8":[17,6],"9":[17,11],"10":[1,1],"11":[0,1],"12":[3,22],"13":[10,15],"14":[1,24],"15":[25,21],"16":[23,16],"17":[14,17]},"meta":{"lastBranch":18,"lastFunction":11,"lastStatement":59,"seen":{"f:6:16:6:37":0,"s:7:2:17:Infinity":0,"f:22:16:22:32":1,"b:23:2:25:Infinity:undefined:undefined:undefined:undefined":0,"s:23:2:25:Infinity":1,"s:24:4:24:Infinity":2,"s:27:2:29:Infinity":3,"b:28:7:28:Infinity:29:6:29:Infinity":1,"f:42:9:42:27":2,"b:44:2:46:Infinity:undefined:undefined:undefined:undefined":2,"s:44:2:46:Infinity":4,"b:44:6:44:36:44:36:44:63":3,"s:45:4:45:Infinity":5,"s:48:20:48:Infinity":6,"s:49:25:49:Infinity":7,"s:51:23:54:Infinity":8,"f:51:23:51:27":3,"s:52:4:52:Infinity":9,"s:53:4:53:Infinity":10,"s:56:19:56:Infinity":11,"s:62:4:66:Infinity":12,"b:65:9:65:Infinity:66:8:66:Infinity":4,"b:62:4:62:Infinity:63:4:63:Infinity:64:4:64:Infinity":5,"s:69:20:69:Infinity":13,"s:70:2:75:Infinity":14,"s:71:18:71:Infinity":15,"b:72:4:74:Infinity:undefined:undefined:undefined:undefined":6,"s:72:4:74:Infinity":16,"s:73:6:73:Infinity":17,"b:80:2:82:Infinity:undefined:undefined:undefined:undefined":7,"s:80:2:82:Infinity":18,"b:80:6:80:33:80:33:80:74":8,"s:81:4:81:Infinity":19,"b:81:32:81:62:81:62:81:67":9,"s:84:2:84:Infinity":20,"s:85:2:85:Infinity":21,"s:86:2:86:Infinity":22,"s:88:2:88:Infinity":23,"s:97:21:97:Infinity":24,"f:106:16:106:35":4,"b:107:2:113:Infinity:undefined:undefined:undefined:undefined":10,"s:107:2:113:Infinity":25,"b:108:4:108:Infinity:undefined:undefined:undefined:undefined":11,"s:108:4:108:Infinity":26,"s:108:32:108:Infinity":27,"s:109:17:109:Infinity":28,"f:109:17:109:21":5,"s:109:44:109:Infinity":29,"s:110:18:110:Infinity":30,"s:111:4:111:Infinity":31,"s:112:4:112:Infinity":32,"s:114:2:114:Infinity":33,"f:119:16:119:Infinity":6,"s:125:18:127:Infinity":34,"b:126:7:126:Infinity:127:6:127:Infinity":12,"s:130:4:132:Infinity":35,"b:131:9:131:Infinity:132:8:132:Infinity":13,"b:134:2:134:Infinity:undefined:undefined:undefined:undefined":14,"s:134:2:134:Infinity":36,"s:134:36:134:Infinity":37,"s:136:2:136:Infinity":38,"s:137:2:137:Infinity":39,"s:140:2:140:Infinity":40,"b:140:25:140:50:140:50:140:55":15,"s:145:8:145:Infinity":41,"s:146:2:148:Infinity":42,"s:147:4:147:Infinity":43,"s:151:2:151:Infinity":44,"s:152:2:154:Infinity":45,"s:153:4:153:Infinity":46,"f:163:16:163:Infinity":7,"b:168:2:170:Infinity:undefined:undefined:undefined:undefined":16,"s:168:2:170:Infinity":47,"s:169:4:169:Infinity":48,"s:171:2:171:Infinity":49,"s:173:2:175:Infinity":50,"f:173:9:173:15":8,"s:174:4:174:Infinity":51,"f:184:16:184:29":9,"s:185:2:189:Infinity":52,"s:188:4:188:Infinity":53,"f:194:9:194:19":10,"s:195:20:195:Infinity":54,"b:196:2:196:Infinity:undefined:undefined:undefined:undefined":17,"s:196:2:196:Infinity":55,"s:196:24:196:Infinity":56,"s:197:2:199:Infinity":57,"s:198:4:198:Infinity":58}}}
,"/Users/uriveroorteg/projects/essentia-ui/packages/telar/src/core/thread.ts": {"path":"/Users/uriveroorteg/projects/essentia-ui/packages/telar/src/core/thread.ts","statementMap":{"0":{"start":{"line":53,"column":2},"end":{"line":58,"column":null}}},"fnMap":{"0":{"name":"thread","decl":{"start":{"line":48,"column":16},"end":{"line":48,"column":26}},"loc":{"start":{"line":52,"column":17},"end":{"line":59,"column":null}},"line":52}},"branchMap":{},"s":{"0":13},"f":{"0":13},"b":{},"meta":{"lastBranch":0,"lastFunction":1,"lastStatement":1,"seen":{"f:48:16:48:26":0,"s:53:2:58:Infinity":0}}}
,"/Users/uriveroorteg/projects/essentia-ui/packages/telar/src/react/TelarRoot.tsx": {"path":"/Users/uriveroorteg/projects/essentia-ui/packages/telar/src/react/TelarRoot.tsx","statementMap":{"0":{"start":{"line":16,"column":2},"end":{"line":16,"column":null}},"1":{"start":{"line":16,"column":29},"end":{"line":16,"column":null}},"2":{"start":{"line":17,"column":2},"end":{"line":17,"column":null}},"3":{"start":{"line":17,"column":29},"end":{"line":17,"column":null}},"4":{"start":{"line":18,"column":2},"end":{"line":18,"column":null}},"5":{"start":{"line":22,"column":2},"end":{"line":26,"column":null}},"6":{"start":{"line":165,"column":8},"end":{"line":165,"column":null}},"7":{"start":{"line":167,"column":2},"end":{"line":175,"column":null}},"8":{"start":{"line":168,"column":18},"end":{"line":168,"column":null}},"9":{"start":{"line":169,"column":4},"end":{"line":173,"column":null}},"10":{"start":{"line":170,"column":6},"end":{"line":172,"column":null}},"11":{"start":{"line":171,"column":8},"end":{"line":171,"column":null}},"12":{"start":{"line":174,"column":4},"end":{"line":174,"column":null}},"13":{"start":{"line":177,"column":2},"end":{"line":215,"column":null}},"14":{"start":{"line":178,"column":4},"end":{"line":178,"column":null}},"15":{"start":{"line":178,"column":17},"end":{"line":178,"column":null}},"16":{"start":{"line":179,"column":18},"end":{"line":179,"column":null}},"17":{"start":{"line":184,"column":22},"end":{"line":189,"column":null}},"18":{"start":{"line":185,"column":18},"end":{"line":185,"column":null}},"19":{"start":{"line":186,"column":6},"end":{"line":188,"column":null}},"20":{"start":{"line":187,"column":8},"end":{"line":187,"column":null}},"21":{"start":{"line":191,"column":4},"end":{"line":191,"column":null}},"22":{"start":{"line":194,"column":4},"end":{"line":196,"column":null}},"23":{"start":{"line":195,"column":6},"end":{"line":195,"column":null}},"24":{"start":{"line":200,"column":4},"end":{"line":206,"column":null}},"25":{"start":{"line":201,"column":6},"end":{"line":205,"column":null}},"26":{"start":{"line":203,"column":41},"end":{"line":203,"column":83}},"27":{"start":{"line":209,"column":4},"end":{"line":209,"column":null}},"28":{"start":{"line":211,"column":4},"end":{"line":214,"column":null}},"29":{"start":{"line":212,"column":6},"end":{"line":212,"column":null}},"30":{"start":{"line":213,"column":6},"end":{"line":213,"column":null}},"31":{"start":{"line":217,"column":2},"end":{"line":220,"column":null}}},"fnMap":{"0":{"name":"inferValueType","decl":{"start":{"line":15,"column":9},"end":{"line":15,"column":24}},"loc":{"start":{"line":15,"column":55},"end":{"line":19,"column":null}},"line":15},"1":{"name":"buildNodeMeta","decl":{"start":{"line":21,"column":9},"end":{"line":21,"column":23}},"loc":{"start":{"line":21,"column":87},"end":{"line":27,"column":null}},"line":21},"2":{"name":"TelarRoot","decl":{"start":{"line":164,"column":16},"end":{"line":164,"column":26}},"loc":{"start":{"line":164,"column":148},"end":{"line":222,"column":null}},"line":164},"3":{"name":"(anonymous_3)","decl":{"start":{"line":177,"column":12},"end":{"line":177,"column":18}},"loc":{"start":{"line":177,"column":18},"end":{"line":215,"column":5}},"line":177},"4":{"name":"(anonymous_4)","decl":{"start":{"line":184,"column":22},"end":{"line":184,"column":23}},"loc":{"start":{"line":184,"column":61},"end":{"line":189,"column":null}},"line":184},"5":{"name":"(anonymous_5)","decl":{"start":{"line":194,"column":20},"end":{"line":194,"column":21}},"loc":{"start":{"line":194,"column":36},"end":{"line":196,"column":null}},"line":194},"6":{"name":"(anonymous_6)","decl":{"start":{"line":203,"column":36},"end":{"line":203,"column":41}},"loc":{"start":{"line":203,"column":41},"end":{"line":203,"column":83}},"line":203},"7":{"name":"(anonymous_7)","decl":{"start":{"line":211,"column":11},"end":{"line":211,"column":17}},"loc":{"start":{"line":211,"column":17},"end":{"line":214,"column":null}},"line":211}},"branchMap":{"0":{"loc":{"start":{"line":16,"column":2},"end":{"line":16,"column":null}},"type":"if","locations":[{"start":{"line":16,"column":2},"end":{"line":16,"column":null}},{"start":{},"end":{}}],"line":16},"1":{"loc":{"start":{"line":17,"column":2},"end":{"line":17,"column":null}},"type":"if","locations":[{"start":{"line":17,"column":2},"end":{"line":17,"column":null}},{"start":{},"end":{}}],"line":17},"2":{"loc":{"start":{"line":167,"column":2},"end":{"line":175,"column":null}},"type":"if","locations":[{"start":{"line":167,"column":2},"end":{"line":175,"column":null}},{"start":{},"end":{}}],"line":167},"3":{"loc":{"start":{"line":168,"column":18},"end":{"line":168,"column":null}},"type":"binary-expr","locations":[{"start":{"line":168,"column":18},"end":{"line":168,"column":35}},{"start":{"line":168,"column":18},"end":{"line":168,"column":null}}],"line":168},"4":{"loc":{"start":{"line":169,"column":4},"end":{"line":173,"column":null}},"type":"if","locations":[{"start":{"line":169,"column":4},"end":{"line":173,"column":null}},{"start":{},"end":{}}],"line":169},"5":{"loc":{"start":{"line":178,"column":4},"end":{"line":178,"column":null}},"type":"if","locations":[{"start":{"line":178,"column":4},"end":{"line":178,"column":null}},{"start":{},"end":{}}],"line":178},"6":{"loc":{"start":{"line":186,"column":6},"end":{"line":188,"column":null}},"type":"if","locations":[{"start":{"line":186,"column":6},"end":{"line":188,"column":null}},{"start":{},"end":{}}],"line":186},"7":{"loc":{"start":{"line":200,"column":4},"end":{"line":206,"column":null}},"type":"if","locations":[{"start":{"line":200,"column":4},"end":{"line":206,"column":null}},{"start":{},"end":{}}],"line":200},"8":{"loc":{"start":{"line":200,"column":8},"end":{"line":200,"column":53}},"type":"binary-expr","locations":[{"start":{"line":200,"column":8},"end":{"line":200,"column":26}},{"start":{"line":200,"column":26},"end":{"line":200,"column":53}}],"line":200}},"s":{"0":0,"1":0,"2":0,"3":0,"4":0,"5":0,"6":17,"7":17,"8":17,"9":17,"10":0,"11":0,"12":17,"13":17,"14":17,"15":17,"16":0,"17":0,"18":0,"19":0,"20":0,"21":0,"22":0,"23":0,"24":0,"25":0,"26":0,"27":0,"28":0,"29":0,"30":0,"31":17},"f":{"0":0,"1":0,"2":17,"3":17,"4":0,"5":0,"6":0,"7":0},"b":{"0":[0,0],"1":[0,0],"2":[17,0],"3":[17,17],"4":[0,17],"5":[17,0],"6":[0,0],"7":[0,0],"8":[0,0]},"meta":{"lastBranch":9,"lastFunction":8,"lastStatement":32,"seen":{"f:15:9:15:24":0,"b:16:2:16:Infinity:undefined:undefined:undefined:undefined":0,"s:16:2:16:Infinity":0,"s:16:29:16:Infinity":1,"b:17:2:17:Infinity:undefined:undefined:undefined:undefined":1,"s:17:2:17:Infinity":2,"s:17:29:17:Infinity":3,"s:18:2:18:Infinity":4,"f:21:9:21:23":1,"s:22:2:26:Infinity":5,"f:164:16:164:26":2,"s:165:8:165:Infinity":6,"b:167:2:175:Infinity:undefined:undefined:undefined:undefined":2,"s:167:2:175:Infinity":7,"s:168:18:168:Infinity":8,"b:168:18:168:35:168:18:168:Infinity":3,"b:169:4:173:Infinity:undefined:undefined:undefined:undefined":4,"s:169:4:173:Infinity":9,"s:170:6:172:Infinity":10,"s:171:8:171:Infinity":11,"s:174:4:174:Infinity":12,"s:177:2:215:Infinity":13,"f:177:12:177:18":3,"b:178:4:178:Infinity:undefined:undefined:undefined:undefined":5,"s:178:4:178:Infinity":14,"s:178:17:178:Infinity":15,"s:179:18:179:Infinity":16,"s:184:22:189:Infinity":17,"f:184:22:184:23":4,"s:185:18:185:Infinity":18,"b:186:6:188:Infinity:undefined:undefined:undefined:undefined":6,"s:186:6:188:Infinity":19,"s:187:8:187:Infinity":20,"s:191:4:191:Infinity":21,"s:194:4:196:Infinity":22,"f:194:20:194:21":5,"s:195:6:195:Infinity":23,"b:200:4:206:Infinity:undefined:undefined:undefined:undefined":7,"s:200:4:206:Infinity":24,"b:200:8:200:26:200:26:200:53":8,"s:201:6:205:Infinity":25,"f:203:36:203:41":6,"s:203:41:203:83":26,"s:209:4:209:Infinity":27,"s:211:4:214:Infinity":28,"f:211:11:211:17":7,"s:212:6:212:Infinity":29,"s:213:6:213:Infinity":30,"s:217:2:220:Infinity":31}}}
,"/Users/uriveroorteg/projects/essentia-ui/packages/telar/src/react/context.ts": {"path":"/Users/uriveroorteg/projects/essentia-ui/packages/telar/src/react/context.ts","statementMap":{"0":{"start":{"line":4,"column":13},"end":{"line":4,"column":null}},"1":{"start":{"line":7,"column":8},"end":{"line":7,"column":null}},"2":{"start":{"line":8,"column":2},"end":{"line":10,"column":null}},"3":{"start":{"line":9,"column":4},"end":{"line":9,"column":null}},"4":{"start":{"line":11,"column":2},"end":{"line":11,"column":null}}},"fnMap":{"0":{"name":"useTelarStore","decl":{"start":{"line":6,"column":16},"end":{"line":6,"column":39}},"loc":{"start":{"line":6,"column":39},"end":{"line":12,"column":null}},"line":6}},"branchMap":{"0":{"loc":{"start":{"line":8,"column":2},"end":{"line":10,"column":null}},"type":"if","locations":[{"start":{"line":8,"column":2},"end":{"line":10,"column":null}},{"start":{},"end":{}}],"line":8}},"s":{"0":1,"1":34,"2":34,"3":0,"4":34},"f":{"0":34},"b":{"0":[0,34]},"meta":{"lastBranch":1,"lastFunction":1,"lastStatement":5,"seen":{"s:4:13:4:Infinity":0,"f:6:16:6:39":0,"s:7:8:7:Infinity":1,"b:8:2:10:Infinity:undefined:undefined:undefined:undefined":0,"s:8:2:10:Infinity":2,"s:9:4:9:Infinity":3,"s:11:2:11:Infinity":4}}}
,"/Users/uriveroorteg/projects/essentia-ui/packages/telar/src/react/useBind.ts": {"path":"/Users/uriveroorteg/projects/essentia-ui/packages/telar/src/react/useBind.ts","statementMap":{"0":{"start":{"line":56,"column":8},"end":{"line":56,"column":null}},"1":{"start":{"line":58,"column":8},"end":{"line":62,"column":null}},"2":{"start":{"line":59,"column":5},"end":{"line":59,"column":null}},"3":{"start":{"line":60,"column":4},"end":{"line":60,"column":null}},"4":{"start":{"line":61,"column":4},"end":{"line":61,"column":null}},"5":{"start":{"line":64,"column":8},"end":{"line":77,"column":null}},"6":{"start":{"line":65,"column":19},"end":{"line":65,"column":null}},"7":{"start":{"line":66,"column":4},"end":{"line":75,"column":null}},"8":{"start":{"line":67,"column":8},"end":{"line":74,"column":null}},"9":{"start":{"line":68,"column":8},"end":{"line":73,"column":null}},"10":{"start":{"line":70,"column":21},"end":{"line":70,"column":null}},"11":{"start":{"line":76,"column":4},"end":{"line":76,"column":null}},"12":{"start":{"line":79,"column":2},"end":{"line":79,"column":null}}},"fnMap":{"0":{"name":"useBind","decl":{"start":{"line":53,"column":16},"end":{"line":53,"column":null}},"loc":{"start":{"line":55,"column":23},"end":{"line":80,"column":null}},"line":55},"1":{"name":"(anonymous_1)","decl":{"start":{"line":59,"column":4},"end":{"line":59,"column":5}},"loc":{"start":{"line":59,"column":5},"end":{"line":59,"column":null}},"line":59},"2":{"name":"(anonymous_2)","decl":{"start":{"line":60,"column":4},"end":{"line":60,"column":10}},"loc":{"start":{"line":60,"column":4},"end":{"line":60,"column":null}},"line":60},"3":{"name":"(anonymous_3)","decl":{"start":{"line":61,"column":4},"end":{"line":61,"column":10}},"loc":{"start":{"line":61,"column":4},"end":{"line":61,"column":null}},"line":61},"4":{"name":"(anonymous_4)","decl":{"start":{"line":64,"column":27},"end":{"line":64,"column":33}},"loc":{"start":{"line":64,"column":33},"end":{"line":77,"column":5}},"line":64},"5":{"name":"(anonymous_5)","decl":{"start":{"line":67,"column":36},"end":{"line":67,"column":40}},"loc":{"start":{"line":67,"column":56},"end":{"line":74,"column":null}},"line":67},"6":{"name":"(anonymous_6)","decl":{"start":{"line":70,"column":10},"end":{"line":70,"column":11}},"loc":{"start":{"line":70,"column":21},"end":{"line":70,"column":null}},"line":70}},"branchMap":{},"s":{"0":11,"1":11,"2":11,"3":39,"4":0,"5":11,"6":5,"7":5,"8":15,"9":6,"10":6,"11":5,"12":11},"f":{"0":11,"1":11,"2":39,"3":0,"4":5,"5":6,"6":6},"b":{},"meta":{"lastBranch":0,"lastFunction":7,"lastStatement":13,"seen":{"f:53:16:53:Infinity":0,"s:56:8:56:Infinity":0,"s:58:8:62:Infinity":1,"f:59:4:59:5":1,"s:59:5:59:Infinity":2,"f:60:4:60:10":2,"s:60:4:60:Infinity":3,"f:61:4:61:10":3,"s:61:4:61:Infinity":4,"s:64:8:77:Infinity":5,"f:64:27:64:33":4,"s:65:19:65:Infinity":6,"s:66:4:75:Infinity":7,"s:67:8:74:Infinity":8,"f:67:36:67:40":5,"s:68:8:73:Infinity":9,"f:70:10:70:11":6,"s:70:21:70:Infinity":10,"s:76:4:76:Infinity":11,"s:79:2:79:Infinity":12}}}
,"/Users/uriveroorteg/projects/essentia-ui/packages/telar/src/react/useKnot.ts": {"path":"/Users/uriveroorteg/projects/essentia-ui/packages/telar/src/react/useKnot.ts","statementMap":{"0":{"start":{"line":41,"column":8},"end":{"line":41,"column":null}},"1":{"start":{"line":43,"column":8},"end":{"line":47,"column":null}},"2":{"start":{"line":44,"column":5},"end":{"line":44,"column":null}},"3":{"start":{"line":45,"column":4},"end":{"line":45,"column":null}},"4":{"start":{"line":46,"column":4},"end":{"line":46,"column":null}},"5":{"start":{"line":49,"column":8},"end":{"line":52,"column":null}},"6":{"start":{"line":50,"column":5},"end":{"line":50,"column":null}},"7":{"start":{"line":54,"column":2},"end":{"line":54,"column":null}}},"fnMap":{"0":{"name":"useKnot","decl":{"start":{"line":38,"column":16},"end":{"line":38,"column":null}},"loc":{"start":{"line":40,"column":43},"end":{"line":55,"column":null}},"line":40},"1":{"name":"(anonymous_1)","decl":{"start":{"line":44,"column":4},"end":{"line":44,"column":5}},"loc":{"start":{"line":44,"column":5},"end":{"line":44,"column":null}},"line":44},"2":{"name":"(anonymous_2)","decl":{"start":{"line":45,"column":4},"end":{"line":45,"column":10}},"loc":{"start":{"line":45,"column":4},"end":{"line":45,"column":null}},"line":45},"3":{"name":"(anonymous_3)","decl":{"start":{"line":46,"column":4},"end":{"line":46,"column":10}},"loc":{"start":{"line":46,"column":4},"end":{"line":46,"column":null}},"line":46},"4":{"name":"(anonymous_4)","decl":{"start":{"line":50,"column":4},"end":{"line":50,"column":5}},"loc":{"start":{"line":50,"column":5},"end":{"line":50,"column":null}},"line":50}},"branchMap":{},"s":{"0":14,"1":14,"2":14,"3":48,"4":0,"5":14,"6":5,"7":14},"f":{"0":14,"1":14,"2":48,"3":0,"4":5},"b":{},"meta":{"lastBranch":0,"lastFunction":5,"lastStatement":8,"seen":{"f:38:16:38:Infinity":0,"s:41:8:41:Infinity":0,"s:43:8:47:Infinity":1,"f:44:4:44:5":1,"s:44:5:44:Infinity":2,"f:45:4:45:10":2,"s:45:4:45:Infinity":3,"f:46:4:46:10":3,"s:46:4:46:Infinity":4,"s:49:8:52:Infinity":5,"f:50:4:50:5":4,"s:50:5:50:Infinity":6,"s:54:2:54:Infinity":7}}}
,"/Users/uriveroorteg/projects/essentia-ui/packages/telar/src/react/useTelar.ts": {"path":"/Users/uriveroorteg/projects/essentia-ui/packages/telar/src/react/useTelar.ts","statementMap":{"0":{"start":{"line":44,"column":8},"end":{"line":44,"column":null}},"1":{"start":{"line":47,"column":8},"end":{"line":51,"column":null}},"2":{"start":{"line":48,"column":5},"end":{"line":48,"column":null}},"3":{"start":{"line":49,"column":4},"end":{"line":49,"column":null}},"4":{"start":{"line":50,"column":4},"end":{"line":50,"column":null}},"5":{"start":{"line":53,"column":23},"end":{"line":53,"column":null}},"6":{"start":{"line":55,"column":8},"end":{"line":58,"column":null}},"7":{"start":{"line":56,"column":5},"end":{"line":56,"column":null}},"8":{"start":{"line":60,"column":8},"end":{"line":74,"column":null}},"9":{"start":{"line":61,"column":4},"end":{"line":61,"column":null}},"10":{"start":{"line":61,"column":31},"end":{"line":61,"column":null}},"11":{"start":{"line":62,"column":24},"end":{"line":62,"column":null}},"12":{"start":{"line":63,"column":4},"end":{"line":72,"column":null}},"13":{"start":{"line":64,"column":6},"end":{"line":71,"column":null}},"14":{"start":{"line":65,"column":8},"end":{"line":70,"column":null}},"15":{"start":{"line":67,"column":22},"end":{"line":67,"column":null}},"16":{"start":{"line":73,"column":4},"end":{"line":73,"column":null}},"17":{"start":{"line":76,"column":2},"end":{"line":76,"column":null}},"18":{"start":{"line":76,"column":31},"end":{"line":76,"column":null}},"19":{"start":{"line":77,"column":2},"end":{"line":77,"column":null}},"20":{"start":{"line":77,"column":29},"end":{"line":77,"column":null}},"21":{"start":{"line":78,"column":2},"end":{"line":78,"column":null}}},"fnMap":{"0":{"name":"useTelar","decl":{"start":{"line":43,"column":16},"end":{"line":43,"column":28}},"loc":{"start":{"line":43,"column":50},"end":{"line":79,"column":null}},"line":43},"1":{"name":"(anonymous_1)","decl":{"start":{"line":48,"column":4},"end":{"line":48,"column":5}},"loc":{"start":{"line":48,"column":5},"end":{"line":48,"column":null}},"line":48},"2":{"name":"(anonymous_2)","decl":{"start":{"line":49,"column":4},"end":{"line":49,"column":10}},"loc":{"start":{"line":49,"column":4},"end":{"line":49,"column":null}},"line":49},"3":{"name":"(anonymous_3)","decl":{"start":{"line":50,"column":4},"end":{"line":50,"column":10}},"loc":{"start":{"line":50,"column":4},"end":{"line":50,"column":null}},"line":50},"4":{"name":"(anonymous_4)","decl":{"start":{"line":56,"column":4},"end":{"line":56,"column":5}},"loc":{"start":{"line":56,"column":5},"end":{"line":56,"column":null}},"line":56},"5":{"name":"(anonymous_5)","decl":{"start":{"line":60,"column":27},"end":{"line":60,"column":33}},"loc":{"start":{"line":60,"column":33},"end":{"line":74,"column":5}},"line":60},"6":{"name":"(anonymous_6)","decl":{"start":{"line":64,"column":26},"end":{"line":64,"column":30}},"loc":{"start":{"line":64,"column":46},"end":{"line":71,"column":null}},"line":64},"7":{"name":"(anonymous_7)","decl":{"start":{"line":67,"column":10},"end":{"line":67,"column":11}},"loc":{"start":{"line":67,"column":22},"end":{"line":67,"column":null}},"line":67}},"branchMap":{"0":{"loc":{"start":{"line":53,"column":23},"end":{"line":53,"column":null}},"type":"cond-expr","locations":[{"start":{"line":53,"column":49},"end":{"line":53,"column":64}},{"start":{"line":53,"column":64},"end":{"line":53,"column":null}}],"line":53},"1":{"loc":{"start":{"line":61,"column":4},"end":{"line":61,"column":null}},"type":"if","locations":[{"start":{"line":61,"column":4},"end":{"line":61,"column":null}},{"start":{},"end":{}}],"line":61},"2":{"loc":{"start":{"line":76,"column":2},"end":{"line":76,"column":null}},"type":"if","locations":[{"start":{"line":76,"column":2},"end":{"line":76,"column":null}},{"start":{},"end":{}}],"line":76},"3":{"loc":{"start":{"line":77,"column":2},"end":{"line":77,"column":null}},"type":"if","locations":[{"start":{"line":77,"column":2},"end":{"line":77,"column":null}},{"start":{},"end":{}}],"line":77}},"s":{"0":5,"1":5,"2":5,"3":17,"4":0,"5":5,"6":5,"7":1,"8":5,"9":3,"10":2,"11":1,"12":1,"13":1,"14":1,"15":1,"16":1,"17":5,"18":1,"19":4,"20":4,"21":2},"f":{"0":5,"1":5,"2":17,"3":0,"4":1,"5":3,"6":1,"7":1},"b":{"0":[4,1],"1":[2,1],"2":[1,4],"3":[2,2]},"meta":{"lastBranch":4,"lastFunction":8,"lastStatement":22,"seen":{"f:43:16:43:28":0,"s:44:8:44:Infinity":0,"s:47:8:51:Infinity":1,"f:48:4:48:5":1,"s:48:5:48:Infinity":2,"f:49:4:49:10":2,"s:49:4:49:Infinity":3,"f:50:4:50:10":3,"s:50:4:50:Infinity":4,"s:53:23:53:Infinity":5,"b:53:49:53:64:53:64:53:Infinity":0,"s:55:8:58:Infinity":6,"f:56:4:56:5":4,"s:56:5:56:Infinity":7,"s:60:8:74:Infinity":8,"f:60:27:60:33":5,"b:61:4:61:Infinity:undefined:undefined:undefined:undefined":1,"s:61:4:61:Infinity":9,"s:61:31:61:Infinity":10,"s:62:24:62:Infinity":11,"s:63:4:72:Infinity":12,"s:64:6:71:Infinity":13,"f:64:26:64:30":6,"s:65:8:70:Infinity":14,"f:67:10:67:11":7,"s:67:22:67:Infinity":15,"s:73:4:73:Infinity":16,"b:76:2:76:Infinity:undefined:undefined:undefined:undefined":2,"s:76:2:76:Infinity":17,"s:76:31:76:Infinity":18,"b:77:2:77:Infinity:undefined:undefined:undefined:undefined":3,"s:77:2:77:Infinity":19,"s:77:29:77:Infinity":20,"s:78:2:78:Infinity":21}}}
,"/Users/uriveroorteg/projects/essentia-ui/packages/telar/src/react/useThread.ts": {"path":"/Users/uriveroorteg/projects/essentia-ui/packages/telar/src/react/useThread.ts","statementMap":{"0":{"start":{"line":36,"column":8},"end":{"line":36,"column":null}},"1":{"start":{"line":38,"column":2},"end":{"line":42,"column":null}},"2":{"start":{"line":39,"column":5},"end":{"line":39,"column":null}},"3":{"start":{"line":40,"column":4},"end":{"line":40,"column":null}},"4":{"start":{"line":41,"column":4},"end":{"line":41,"column":null}}},"fnMap":{"0":{"name":"useThread","decl":{"start":{"line":35,"column":16},"end":{"line":35,"column":29}},"loc":{"start":{"line":35,"column":51},"end":{"line":43,"column":null}},"line":35},"1":{"name":"(anonymous_1)","decl":{"start":{"line":39,"column":4},"end":{"line":39,"column":5}},"loc":{"start":{"line":39,"column":5},"end":{"line":39,"column":null}},"line":39},"2":{"name":"(anonymous_2)","decl":{"start":{"line":40,"column":4},"end":{"line":40,"column":10}},"loc":{"start":{"line":40,"column":4},"end":{"line":40,"column":null}},"line":40},"3":{"name":"(anonymous_3)","decl":{"start":{"line":41,"column":4},"end":{"line":41,"column":10}},"loc":{"start":{"line":41,"column":4},"end":{"line":41,"column":null}},"line":41}},"branchMap":{},"s":{"0":4,"1":4,"2":4,"3":13,"4":0},"f":{"0":4,"1":4,"2":13,"3":0},"b":{},"meta":{"lastBranch":0,"lastFunction":4,"lastStatement":5,"seen":{"f:35:16:35:29":0,"s:36:8:36:Infinity":0,"s:38:2:42:Infinity":1,"f:39:4:39:5":1,"s:39:5:39:Infinity":2,"f:40:4:40:10":2,"s:40:4:40:Infinity":3,"f:41:4:41:10":3,"s:41:4:41:Infinity":4}}}
}
